2021-12-10 20:11:25,240 INFO com.wipro.userinfoservice.UserinfoserviceApplication [restartedMain] Starting UserinfoserviceApplication using Java 1.8.0_281 on DESKTOP-JSLP03A with PID 1144 (E:\userinfoservice\userinfoservice\target\classes started by Bhuvanesh K in E:\userinfoservice\userinfoservice)
2021-12-10 20:11:25,241 DEBUG com.wipro.userinfoservice.UserinfoserviceApplication [restartedMain] Running with Spring Boot v2.5.7, Spring v5.3.13
2021-12-10 20:11:25,241 INFO com.wipro.userinfoservice.UserinfoserviceApplication [restartedMain] No active profile set, falling back to default profiles: default
2021-12-10 20:11:25,481 INFO org.springframework.data.repository.config.RepositoryConfigurationDelegate [restartedMain] Bootstrapping Spring Data JPA repositories in DEFAULT mode.
2021-12-10 20:11:25,495 INFO org.springframework.data.repository.config.RepositoryConfigurationDelegate [restartedMain] Finished Spring Data repository scanning in 9 ms. Found 1 JPA repository interfaces.
2021-12-10 20:11:25,664 INFO org.springframework.boot.web.embedded.tomcat.TomcatWebServer [restartedMain] Tomcat initialized with port(s): 8080 (http)
2021-12-10 20:11:25,689 INFO org.springframework.boot.web.servlet.context.ServletWebServerApplicationContext [restartedMain] Root WebApplicationContext: initialization completed in 445 ms
2021-12-10 20:11:25,713 INFO org.springframework.boot.autoconfigure.h2.H2ConsoleAutoConfiguration [restartedMain] H2 console available at '/h2-console'. Database available at 'jdbc:h2:mem:testdb'
2021-12-10 20:11:25,790 INFO org.springframework.orm.jpa.LocalContainerEntityManagerFactoryBean [restartedMain] Initialized JPA EntityManagerFactory for persistence unit 'default'
2021-12-10 20:11:25,919 WARN org.springframework.boot.autoconfigure.orm.jpa.JpaBaseConfiguration$JpaWebConfiguration [restartedMain] spring.jpa.open-in-view is enabled by default. Therefore, database queries may be performed during view rendering. Explicitly configure spring.jpa.open-in-view to disable this warning
2021-12-10 20:11:26,032 INFO org.springframework.boot.devtools.autoconfigure.OptionalLiveReloadServer [restartedMain] LiveReload server is running on port 35729
2021-12-10 20:11:26,045 INFO org.springframework.boot.web.embedded.tomcat.TomcatWebServer [restartedMain] Tomcat started on port(s): 8080 (http) with context path ''
2021-12-10 20:11:26,051 INFO com.wipro.userinfoservice.UserinfoserviceApplication [restartedMain] Started UserinfoserviceApplication in 0.859 seconds (JVM running for 31032.232)
2021-12-10 20:11:26,052 INFO org.springframework.boot.devtools.autoconfigure.ConditionEvaluationDeltaLoggingListener [restartedMain] Condition evaluation unchanged
2021-12-10 20:21:15,774 INFO org.springframework.orm.jpa.LocalContainerEntityManagerFactoryBean [Thread-90] Closing JPA EntityManagerFactory for persistence unit 'default'
2021-12-10 20:21:15,993 WARN org.springframework.beans.factory.support.DisposableBeanAdapter [Thread-90] Invocation of destroy method failed on bean with name 'inMemoryDatabaseShutdownExecutor': org.h2.jdbc.JdbcSQLNonTransientConnectionException: Database is already closed (to disable automatic closing at VM shutdown, add ";DB_CLOSE_ON_EXIT=FALSE" to the db URL) [90121-200]
2021-12-10 20:21:16,211 INFO com.wipro.userinfoservice.UserinfoserviceApplication [restartedMain] Starting UserinfoserviceApplication using Java 1.8.0_281 on DESKTOP-JSLP03A with PID 1144 (E:\userinfoservice\userinfoservice\target\classes started by Bhuvanesh K in E:\userinfoservice\userinfoservice)
2021-12-10 20:21:16,211 DEBUG com.wipro.userinfoservice.UserinfoserviceApplication [restartedMain] Running with Spring Boot v2.5.7, Spring v5.3.13
2021-12-10 20:21:16,211 INFO com.wipro.userinfoservice.UserinfoserviceApplication [restartedMain] No active profile set, falling back to default profiles: default
2021-12-10 20:21:16,495 INFO org.springframework.data.repository.config.RepositoryConfigurationDelegate [restartedMain] Bootstrapping Spring Data JPA repositories in DEFAULT mode.
2021-12-10 20:21:16,506 INFO org.springframework.data.repository.config.RepositoryConfigurationDelegate [restartedMain] Finished Spring Data repository scanning in 10 ms. Found 1 JPA repository interfaces.
2021-12-10 20:21:16,733 INFO org.springframework.boot.web.embedded.tomcat.TomcatWebServer [restartedMain] Tomcat initialized with port(s): 8080 (http)
2021-12-10 20:21:16,760 INFO org.springframework.boot.web.servlet.context.ServletWebServerApplicationContext [restartedMain] Root WebApplicationContext: initialization completed in 545 ms
2021-12-10 20:21:16,786 INFO org.springframework.boot.autoconfigure.h2.H2ConsoleAutoConfiguration [restartedMain] H2 console available at '/h2-console'. Database available at 'jdbc:h2:mem:testdb'
2021-12-10 20:21:16,870 INFO org.springframework.orm.jpa.LocalContainerEntityManagerFactoryBean [restartedMain] Initialized JPA EntityManagerFactory for persistence unit 'default'
2021-12-10 20:21:17,037 WARN org.springframework.boot.autoconfigure.orm.jpa.JpaBaseConfiguration$JpaWebConfiguration [restartedMain] spring.jpa.open-in-view is enabled by default. Therefore, database queries may be performed during view rendering. Explicitly configure spring.jpa.open-in-view to disable this warning
2021-12-10 20:21:17,209 INFO org.springframework.boot.devtools.autoconfigure.OptionalLiveReloadServer [restartedMain] LiveReload server is running on port 35729
2021-12-10 20:21:17,226 INFO org.springframework.boot.web.embedded.tomcat.TomcatWebServer [restartedMain] Tomcat started on port(s): 8080 (http) with context path ''
2021-12-10 20:21:17,231 INFO com.wipro.userinfoservice.UserinfoserviceApplication [restartedMain] Started UserinfoserviceApplication in 1.061 seconds (JVM running for 31623.413)
2021-12-10 20:21:17,234 INFO org.springframework.boot.devtools.autoconfigure.ConditionEvaluationDeltaLoggingListener [restartedMain] Condition evaluation unchanged
2021-12-10 21:27:30,880 INFO org.springframework.orm.jpa.LocalContainerEntityManagerFactoryBean [Thread-94] Closing JPA EntityManagerFactory for persistence unit 'default'
2021-12-10 21:27:31,087 WARN org.springframework.beans.factory.support.DisposableBeanAdapter [Thread-94] Invocation of destroy method failed on bean with name 'inMemoryDatabaseShutdownExecutor': org.h2.jdbc.JdbcSQLNonTransientConnectionException: Database is already closed (to disable automatic closing at VM shutdown, add ";DB_CLOSE_ON_EXIT=FALSE" to the db URL) [90121-200]
2021-12-10 21:27:31,280 INFO com.wipro.userinfoservice.UserinfoserviceApplication [restartedMain] Starting UserinfoserviceApplication using Java 1.8.0_281 on DESKTOP-JSLP03A with PID 1144 (E:\userinfoservice\userinfoservice\target\classes started by Bhuvanesh K in E:\userinfoservice\userinfoservice)
2021-12-10 21:27:31,281 DEBUG com.wipro.userinfoservice.UserinfoserviceApplication [restartedMain] Running with Spring Boot v2.5.7, Spring v5.3.13
2021-12-10 21:27:31,281 INFO com.wipro.userinfoservice.UserinfoserviceApplication [restartedMain] No active profile set, falling back to default profiles: default
2021-12-10 21:27:31,617 INFO org.springframework.data.repository.config.RepositoryConfigurationDelegate [restartedMain] Bootstrapping Spring Data JPA repositories in DEFAULT mode.
2021-12-10 21:27:31,632 INFO org.springframework.data.repository.config.RepositoryConfigurationDelegate [restartedMain] Finished Spring Data repository scanning in 14 ms. Found 1 JPA repository interfaces.
2021-12-10 21:27:32,020 INFO org.springframework.boot.web.embedded.tomcat.TomcatWebServer [restartedMain] Tomcat initialized with port(s): 8080 (http)
2021-12-10 21:27:32,054 INFO org.springframework.boot.web.servlet.context.ServletWebServerApplicationContext [restartedMain] Root WebApplicationContext: initialization completed in 770 ms
2021-12-10 21:27:32,077 INFO org.springframework.boot.autoconfigure.h2.H2ConsoleAutoConfiguration [restartedMain] H2 console available at '/h2-console'. Database available at 'jdbc:h2:mem:testdb'
2021-12-10 21:27:32,146 INFO org.springframework.orm.jpa.LocalContainerEntityManagerFactoryBean [restartedMain] Initialized JPA EntityManagerFactory for persistence unit 'default'
2021-12-10 21:27:32,363 WARN org.springframework.boot.autoconfigure.orm.jpa.JpaBaseConfiguration$JpaWebConfiguration [restartedMain] spring.jpa.open-in-view is enabled by default. Therefore, database queries may be performed during view rendering. Explicitly configure spring.jpa.open-in-view to disable this warning
2021-12-10 21:27:32,668 INFO org.springframework.boot.devtools.autoconfigure.OptionalLiveReloadServer [restartedMain] LiveReload server is running on port 35729
2021-12-10 21:27:32,699 INFO org.springframework.boot.web.embedded.tomcat.TomcatWebServer [restartedMain] Tomcat started on port(s): 8080 (http) with context path ''
2021-12-10 21:27:32,709 INFO com.wipro.userinfoservice.UserinfoserviceApplication [restartedMain] Started UserinfoserviceApplication in 1.485 seconds (JVM running for 35598.89)
2021-12-10 21:27:32,712 INFO org.springframework.boot.devtools.autoconfigure.ConditionEvaluationDeltaLoggingListener [restartedMain] Condition evaluation unchanged
2021-12-10 21:27:52,483 INFO org.springframework.orm.jpa.LocalContainerEntityManagerFactoryBean [Thread-98] Closing JPA EntityManagerFactory for persistence unit 'default'
2021-12-10 21:27:52,699 WARN org.springframework.beans.factory.support.DisposableBeanAdapter [Thread-98] Invocation of destroy method failed on bean with name 'inMemoryDatabaseShutdownExecutor': org.h2.jdbc.JdbcSQLNonTransientConnectionException: Database is already closed (to disable automatic closing at VM shutdown, add ";DB_CLOSE_ON_EXIT=FALSE" to the db URL) [90121-200]
2021-12-10 21:27:52,883 INFO com.wipro.userinfoservice.UserinfoserviceApplication [restartedMain] Starting UserinfoserviceApplication using Java 1.8.0_281 on DESKTOP-JSLP03A with PID 1144 (E:\userinfoservice\userinfoservice\target\classes started by Bhuvanesh K in E:\userinfoservice\userinfoservice)
2021-12-10 21:27:52,884 DEBUG com.wipro.userinfoservice.UserinfoserviceApplication [restartedMain] Running with Spring Boot v2.5.7, Spring v5.3.13
2021-12-10 21:27:52,884 INFO com.wipro.userinfoservice.UserinfoserviceApplication [restartedMain] No active profile set, falling back to default profiles: default
2021-12-10 21:27:53,163 INFO org.springframework.data.repository.config.RepositoryConfigurationDelegate [restartedMain] Bootstrapping Spring Data JPA repositories in DEFAULT mode.
2021-12-10 21:27:53,172 INFO org.springframework.data.repository.config.RepositoryConfigurationDelegate [restartedMain] Finished Spring Data repository scanning in 9 ms. Found 1 JPA repository interfaces.
2021-12-10 21:27:53,332 INFO org.springframework.boot.web.embedded.tomcat.TomcatWebServer [restartedMain] Tomcat initialized with port(s): 8080 (http)
2021-12-10 21:27:53,371 INFO org.springframework.boot.web.servlet.context.ServletWebServerApplicationContext [restartedMain] Root WebApplicationContext: initialization completed in 484 ms
2021-12-10 21:27:53,408 INFO org.springframework.boot.autoconfigure.h2.H2ConsoleAutoConfiguration [restartedMain] H2 console available at '/h2-console'. Database available at 'jdbc:h2:mem:testdb'
2021-12-10 21:27:53,485 INFO org.springframework.orm.jpa.LocalContainerEntityManagerFactoryBean [restartedMain] Initialized JPA EntityManagerFactory for persistence unit 'default'
2021-12-10 21:27:53,611 WARN org.springframework.boot.autoconfigure.orm.jpa.JpaBaseConfiguration$JpaWebConfiguration [restartedMain] spring.jpa.open-in-view is enabled by default. Therefore, database queries may be performed during view rendering. Explicitly configure spring.jpa.open-in-view to disable this warning
2021-12-10 21:27:53,818 INFO org.springframework.boot.devtools.autoconfigure.OptionalLiveReloadServer [restartedMain] LiveReload server is running on port 35729
2021-12-10 21:27:53,844 INFO org.springframework.boot.web.embedded.tomcat.TomcatWebServer [restartedMain] Tomcat started on port(s): 8080 (http) with context path ''
2021-12-10 21:27:53,866 INFO com.wipro.userinfoservice.UserinfoserviceApplication [restartedMain] Started UserinfoserviceApplication in 1.037 seconds (JVM running for 35620.047)
2021-12-10 21:27:53,877 INFO org.springframework.boot.devtools.autoconfigure.ConditionEvaluationDeltaLoggingListener [restartedMain] Condition evaluation unchanged
2021-12-10 21:29:30,067 INFO org.springframework.orm.jpa.LocalContainerEntityManagerFactoryBean [Thread-102] Closing JPA EntityManagerFactory for persistence unit 'default'
2021-12-10 21:29:30,330 WARN org.springframework.beans.factory.support.DisposableBeanAdapter [Thread-102] Invocation of destroy method failed on bean with name 'inMemoryDatabaseShutdownExecutor': org.h2.jdbc.JdbcSQLNonTransientConnectionException: Database is already closed (to disable automatic closing at VM shutdown, add ";DB_CLOSE_ON_EXIT=FALSE" to the db URL) [90121-200]
2021-12-10 21:29:30,760 INFO com.wipro.userinfoservice.UserinfoserviceApplication [restartedMain] Starting UserinfoserviceApplication using Java 1.8.0_281 on DESKTOP-JSLP03A with PID 1144 (E:\userinfoservice\userinfoservice\target\classes started by Bhuvanesh K in E:\userinfoservice\userinfoservice)
2021-12-10 21:29:30,760 DEBUG com.wipro.userinfoservice.UserinfoserviceApplication [restartedMain] Running with Spring Boot v2.5.7, Spring v5.3.13
2021-12-10 21:29:30,760 INFO com.wipro.userinfoservice.UserinfoserviceApplication [restartedMain] No active profile set, falling back to default profiles: default
2021-12-10 21:29:31,214 INFO org.springframework.data.repository.config.RepositoryConfigurationDelegate [restartedMain] Bootstrapping Spring Data JPA repositories in DEFAULT mode.
2021-12-10 21:29:31,236 INFO org.springframework.data.repository.config.RepositoryConfigurationDelegate [restartedMain] Finished Spring Data repository scanning in 21 ms. Found 1 JPA repository interfaces.
2021-12-10 21:29:31,487 INFO org.springframework.boot.web.embedded.tomcat.TomcatWebServer [restartedMain] Tomcat initialized with port(s): 8080 (http)
2021-12-10 21:29:31,521 INFO org.springframework.boot.web.servlet.context.ServletWebServerApplicationContext [restartedMain] Root WebApplicationContext: initialization completed in 755 ms
2021-12-10 21:29:31,545 INFO org.springframework.boot.autoconfigure.h2.H2ConsoleAutoConfiguration [restartedMain] H2 console available at '/h2-console'. Database available at 'jdbc:h2:mem:testdb'
2021-12-10 21:29:31,664 INFO org.springframework.orm.jpa.LocalContainerEntityManagerFactoryBean [restartedMain] Initialized JPA EntityManagerFactory for persistence unit 'default'
2021-12-10 21:29:32,099 WARN org.springframework.boot.autoconfigure.orm.jpa.JpaBaseConfiguration$JpaWebConfiguration [restartedMain] spring.jpa.open-in-view is enabled by default. Therefore, database queries may be performed during view rendering. Explicitly configure spring.jpa.open-in-view to disable this warning
2021-12-10 21:29:32,231 WARN org.springframework.boot.web.servlet.context.AnnotationConfigServletWebServerApplicationContext [restartedMain] Exception encountered during context initialization - cancelling refresh attempt: org.springframework.beans.factory.BeanCreationException: Error creating bean with name 'requestMappingHandlerMapping' defined in class path resource [org/springframework/boot/autoconfigure/web/servlet/WebMvcAutoConfiguration$EnableWebMvcConfiguration.class]: Invocation of init method failed; nested exception is java.lang.IllegalStateException: Ambiguous mapping. Cannot map 'userController' method 
com.wipro.userinfoservice.controller.UserController#saveUserAtAnyIndex(Integer, User)
to {POST [/user/saveFourth]}: There is already 'userController' bean method
com.wipro.userinfoservice.controller.UserController#saveFourthUser(User) mapped.
2021-12-10 21:29:32,232 INFO org.springframework.orm.jpa.LocalContainerEntityManagerFactoryBean [restartedMain] Closing JPA EntityManagerFactory for persistence unit 'default'
2021-12-10 21:29:32,441 WARN org.springframework.beans.factory.support.DisposableBeanAdapter [restartedMain] Invocation of destroy method failed on bean with name 'inMemoryDatabaseShutdownExecutor': org.h2.jdbc.JdbcSQLNonTransientConnectionException: Database is already closed (to disable automatic closing at VM shutdown, add ";DB_CLOSE_ON_EXIT=FALSE" to the db URL) [90121-200]
2021-12-10 21:29:32,459 INFO org.springframework.boot.autoconfigure.logging.ConditionEvaluationReportLoggingListener [restartedMain] 

Error starting ApplicationContext. To display the conditions report re-run your application with 'debug' enabled.
2021-12-10 21:29:32,469 ERROR org.springframework.boot.SpringApplication [restartedMain] Application run failed
org.springframework.beans.factory.BeanCreationException: Error creating bean with name 'requestMappingHandlerMapping' defined in class path resource [org/springframework/boot/autoconfigure/web/servlet/WebMvcAutoConfiguration$EnableWebMvcConfiguration.class]: Invocation of init method failed; nested exception is java.lang.IllegalStateException: Ambiguous mapping. Cannot map 'userController' method 
com.wipro.userinfoservice.controller.UserController#saveUserAtAnyIndex(Integer, User)
to {POST [/user/saveFourth]}: There is already 'userController' bean method
com.wipro.userinfoservice.controller.UserController#saveFourthUser(User) mapped.
	at org.springframework.beans.factory.support.AbstractAutowireCapableBeanFactory.initializeBean(AbstractAutowireCapableBeanFactory.java:1804)
	at org.springframework.beans.factory.support.AbstractAutowireCapableBeanFactory.doCreateBean(AbstractAutowireCapableBeanFactory.java:620)
	at org.springframework.beans.factory.support.AbstractAutowireCapableBeanFactory.createBean(AbstractAutowireCapableBeanFactory.java:542)
	at org.springframework.beans.factory.support.AbstractBeanFactory.lambda$doGetBean$0(AbstractBeanFactory.java:335)
	at org.springframework.beans.factory.support.DefaultSingletonBeanRegistry.getSingleton(DefaultSingletonBeanRegistry.java:234)
	at org.springframework.beans.factory.support.AbstractBeanFactory.doGetBean(AbstractBeanFactory.java:333)
	at org.springframework.beans.factory.support.AbstractBeanFactory.getBean(AbstractBeanFactory.java:208)
	at org.springframework.beans.factory.support.DefaultListableBeanFactory.preInstantiateSingletons(DefaultListableBeanFactory.java:944)
	at org.springframework.context.support.AbstractApplicationContext.finishBeanFactoryInitialization(AbstractApplicationContext.java:918)
	at org.springframework.context.support.AbstractApplicationContext.refresh(AbstractApplicationContext.java:583)
	at org.springframework.boot.web.servlet.context.ServletWebServerApplicationContext.refresh(ServletWebServerApplicationContext.java:145)
	at org.springframework.boot.SpringApplication.refresh(SpringApplication.java:765)
	at org.springframework.boot.SpringApplication.refreshContext(SpringApplication.java:445)
	at org.springframework.boot.SpringApplication.run(SpringApplication.java:338)
	at org.springframework.boot.SpringApplication.run(SpringApplication.java:1354)
	at org.springframework.boot.SpringApplication.run(SpringApplication.java:1343)
	at com.wipro.userinfoservice.UserinfoserviceApplication.main(UserinfoserviceApplication.java:10)
	at sun.reflect.NativeMethodAccessorImpl.invoke0(Native Method)
	at sun.reflect.NativeMethodAccessorImpl.invoke(NativeMethodAccessorImpl.java:62)
	at sun.reflect.DelegatingMethodAccessorImpl.invoke(DelegatingMethodAccessorImpl.java:43)
	at java.lang.reflect.Method.invoke(Method.java:498)
	at org.springframework.boot.devtools.restart.RestartLauncher.run(RestartLauncher.java:49)
Caused by: java.lang.IllegalStateException: Ambiguous mapping. Cannot map 'userController' method 
com.wipro.userinfoservice.controller.UserController#saveUserAtAnyIndex(Integer, User)
to {POST [/user/saveFourth]}: There is already 'userController' bean method
com.wipro.userinfoservice.controller.UserController#saveFourthUser(User) mapped.
	at org.springframework.web.servlet.handler.AbstractHandlerMethodMapping$MappingRegistry.validateMethodMapping(AbstractHandlerMethodMapping.java:669)
	at org.springframework.web.servlet.handler.AbstractHandlerMethodMapping$MappingRegistry.register(AbstractHandlerMethodMapping.java:635)
	at org.springframework.web.servlet.handler.AbstractHandlerMethodMapping.registerHandlerMethod(AbstractHandlerMethodMapping.java:332)
	at org.springframework.web.servlet.mvc.method.annotation.RequestMappingHandlerMapping.registerHandlerMethod(RequestMappingHandlerMapping.java:395)
	at org.springframework.web.servlet.mvc.method.annotation.RequestMappingHandlerMapping.registerHandlerMethod(RequestMappingHandlerMapping.java:76)
	at org.springframework.web.servlet.handler.AbstractHandlerMethodMapping.lambda$detectHandlerMethods$2(AbstractHandlerMethodMapping.java:299)
	at java.util.LinkedHashMap.forEach(LinkedHashMap.java:684)
	at org.springframework.web.servlet.handler.AbstractHandlerMethodMapping.detectHandlerMethods(AbstractHandlerMethodMapping.java:297)
	at org.springframework.web.servlet.handler.AbstractHandlerMethodMapping.processCandidateBean(AbstractHandlerMethodMapping.java:266)
	at org.springframework.web.servlet.handler.AbstractHandlerMethodMapping.initHandlerMethods(AbstractHandlerMethodMapping.java:225)
	at org.springframework.web.servlet.handler.AbstractHandlerMethodMapping.afterPropertiesSet(AbstractHandlerMethodMapping.java:213)
	at org.springframework.web.servlet.mvc.method.annotation.RequestMappingHandlerMapping.afterPropertiesSet(RequestMappingHandlerMapping.java:206)
	at org.springframework.beans.factory.support.AbstractAutowireCapableBeanFactory.invokeInitMethods(AbstractAutowireCapableBeanFactory.java:1863)
	at org.springframework.beans.factory.support.AbstractAutowireCapableBeanFactory.initializeBean(AbstractAutowireCapableBeanFactory.java:1800)
	... 21 common frames omitted
2021-12-10 21:29:39,051 INFO com.wipro.userinfoservice.UserinfoserviceApplication [restartedMain] Starting UserinfoserviceApplication using Java 1.8.0_281 on DESKTOP-JSLP03A with PID 1144 (E:\userinfoservice\userinfoservice\target\classes started by Bhuvanesh K in E:\userinfoservice\userinfoservice)
2021-12-10 21:29:39,051 DEBUG com.wipro.userinfoservice.UserinfoserviceApplication [restartedMain] Running with Spring Boot v2.5.7, Spring v5.3.13
2021-12-10 21:29:39,051 INFO com.wipro.userinfoservice.UserinfoserviceApplication [restartedMain] No active profile set, falling back to default profiles: default
2021-12-10 21:29:39,466 INFO org.springframework.data.repository.config.RepositoryConfigurationDelegate [restartedMain] Bootstrapping Spring Data JPA repositories in DEFAULT mode.
2021-12-10 21:29:39,483 INFO org.springframework.data.repository.config.RepositoryConfigurationDelegate [restartedMain] Finished Spring Data repository scanning in 17 ms. Found 1 JPA repository interfaces.
2021-12-10 21:29:39,650 INFO org.springframework.boot.web.embedded.tomcat.TomcatWebServer [restartedMain] Tomcat initialized with port(s): 8080 (http)
2021-12-10 21:29:39,679 INFO org.springframework.boot.web.servlet.context.ServletWebServerApplicationContext [restartedMain] Root WebApplicationContext: initialization completed in 625 ms
2021-12-10 21:29:39,701 INFO org.springframework.boot.autoconfigure.h2.H2ConsoleAutoConfiguration [restartedMain] H2 console available at '/h2-console'. Database available at 'jdbc:h2:mem:testdb'
2021-12-10 21:29:39,771 INFO org.springframework.orm.jpa.LocalContainerEntityManagerFactoryBean [restartedMain] Initialized JPA EntityManagerFactory for persistence unit 'default'
2021-12-10 21:29:39,894 WARN org.springframework.boot.autoconfigure.orm.jpa.JpaBaseConfiguration$JpaWebConfiguration [restartedMain] spring.jpa.open-in-view is enabled by default. Therefore, database queries may be performed during view rendering. Explicitly configure spring.jpa.open-in-view to disable this warning
2021-12-10 21:29:40,055 INFO org.springframework.boot.devtools.autoconfigure.OptionalLiveReloadServer [restartedMain] LiveReload server is running on port 35729
2021-12-10 21:29:40,072 INFO org.springframework.boot.web.embedded.tomcat.TomcatWebServer [restartedMain] Tomcat started on port(s): 8080 (http) with context path ''
2021-12-10 21:29:40,078 INFO com.wipro.userinfoservice.UserinfoserviceApplication [restartedMain] Started UserinfoserviceApplication in 1.073 seconds (JVM running for 35726.259)
2021-12-10 21:29:40,080 INFO org.springframework.boot.devtools.autoconfigure.ConditionEvaluationDeltaLoggingListener [restartedMain] Condition evaluation unchanged
2021-12-10 21:35:17,532 INFO org.springframework.orm.jpa.LocalContainerEntityManagerFactoryBean [Thread-106] Closing JPA EntityManagerFactory for persistence unit 'default'
2021-12-10 21:35:17,744 WARN org.springframework.beans.factory.support.DisposableBeanAdapter [Thread-106] Invocation of destroy method failed on bean with name 'inMemoryDatabaseShutdownExecutor': org.h2.jdbc.JdbcSQLNonTransientConnectionException: Database is already closed (to disable automatic closing at VM shutdown, add ";DB_CLOSE_ON_EXIT=FALSE" to the db URL) [90121-200]
2021-12-10 21:35:17,990 INFO com.wipro.userinfoservice.UserinfoserviceApplication [restartedMain] Starting UserinfoserviceApplication using Java 1.8.0_281 on DESKTOP-JSLP03A with PID 1144 (E:\userinfoservice\userinfoservice\target\classes started by Bhuvanesh K in E:\userinfoservice\userinfoservice)
2021-12-10 21:35:17,990 DEBUG com.wipro.userinfoservice.UserinfoserviceApplication [restartedMain] Running with Spring Boot v2.5.7, Spring v5.3.13
2021-12-10 21:35:17,990 INFO com.wipro.userinfoservice.UserinfoserviceApplication [restartedMain] No active profile set, falling back to default profiles: default
2021-12-10 21:35:18,222 INFO org.springframework.data.repository.config.RepositoryConfigurationDelegate [restartedMain] Bootstrapping Spring Data JPA repositories in DEFAULT mode.
2021-12-10 21:35:18,232 INFO org.springframework.data.repository.config.RepositoryConfigurationDelegate [restartedMain] Finished Spring Data repository scanning in 10 ms. Found 1 JPA repository interfaces.
2021-12-10 21:35:18,430 INFO org.springframework.boot.web.embedded.tomcat.TomcatWebServer [restartedMain] Tomcat initialized with port(s): 8080 (http)
2021-12-10 21:35:18,460 INFO org.springframework.boot.web.servlet.context.ServletWebServerApplicationContext [restartedMain] Root WebApplicationContext: initialization completed in 467 ms
2021-12-10 21:35:18,485 INFO org.springframework.boot.autoconfigure.h2.H2ConsoleAutoConfiguration [restartedMain] H2 console available at '/h2-console'. Database available at 'jdbc:h2:mem:testdb'
2021-12-10 21:35:18,583 INFO org.springframework.orm.jpa.LocalContainerEntityManagerFactoryBean [restartedMain] Initialized JPA EntityManagerFactory for persistence unit 'default'
2021-12-10 21:35:18,728 WARN org.springframework.boot.autoconfigure.orm.jpa.JpaBaseConfiguration$JpaWebConfiguration [restartedMain] spring.jpa.open-in-view is enabled by default. Therefore, database queries may be performed during view rendering. Explicitly configure spring.jpa.open-in-view to disable this warning
2021-12-10 21:35:18,857 INFO org.springframework.boot.devtools.autoconfigure.OptionalLiveReloadServer [restartedMain] LiveReload server is running on port 35729
2021-12-10 21:35:18,870 INFO org.springframework.boot.web.embedded.tomcat.TomcatWebServer [restartedMain] Tomcat started on port(s): 8080 (http) with context path ''
2021-12-10 21:35:18,875 INFO com.wipro.userinfoservice.UserinfoserviceApplication [restartedMain] Started UserinfoserviceApplication in 0.924 seconds (JVM running for 36065.056)
2021-12-10 21:35:18,877 INFO org.springframework.boot.devtools.autoconfigure.ConditionEvaluationDeltaLoggingListener [restartedMain] Condition evaluation unchanged
2021-12-10 21:35:35,581 INFO org.springframework.boot.admin.SpringApplicationAdminMXBeanRegistrar$SpringApplicationAdmin [RMI TCP Connection(498)-127.0.0.1] Application shutdown requested.
2021-12-10 21:35:36,501 INFO org.springframework.orm.jpa.LocalContainerEntityManagerFactoryBean [Thread-113] Closing JPA EntityManagerFactory for persistence unit 'default'
2021-12-10 21:35:36,719 WARN org.springframework.beans.factory.support.DisposableBeanAdapter [Thread-113] Invocation of destroy method failed on bean with name 'inMemoryDatabaseShutdownExecutor': org.h2.jdbc.JdbcSQLNonTransientConnectionException: Database is already closed (to disable automatic closing at VM shutdown, add ";DB_CLOSE_ON_EXIT=FALSE" to the db URL) [90121-200]
2021-12-10 21:35:36,964 INFO com.wipro.userinfoservice.UserinfoserviceApplication [restartedMain] Starting UserinfoserviceApplication using Java 1.8.0_281 on DESKTOP-JSLP03A with PID 1144 (E:\userinfoservice\userinfoservice\target\classes started by Bhuvanesh K in E:\userinfoservice\userinfoservice)
2021-12-10 21:35:36,964 DEBUG com.wipro.userinfoservice.UserinfoserviceApplication [restartedMain] Running with Spring Boot v2.5.7, Spring v5.3.13
2021-12-10 21:35:36,964 INFO com.wipro.userinfoservice.UserinfoserviceApplication [restartedMain] No active profile set, falling back to default profiles: default
2021-12-10 21:35:37,245 INFO org.springframework.data.repository.config.RepositoryConfigurationDelegate [restartedMain] Bootstrapping Spring Data JPA repositories in DEFAULT mode.
2021-12-10 21:35:37,255 INFO org.springframework.data.repository.config.RepositoryConfigurationDelegate [restartedMain] Finished Spring Data repository scanning in 9 ms. Found 1 JPA repository interfaces.
2021-12-10 21:35:37,379 INFO org.springframework.boot.web.embedded.tomcat.TomcatWebServer [restartedMain] Tomcat initialized with port(s): 8080 (http)
2021-12-10 21:35:37,404 INFO org.springframework.boot.web.servlet.context.ServletWebServerApplicationContext [restartedMain] Root WebApplicationContext: initialization completed in 437 ms
2021-12-10 21:35:37,424 INFO org.springframework.boot.autoconfigure.h2.H2ConsoleAutoConfiguration [restartedMain] H2 console available at '/h2-console'. Database available at 'jdbc:h2:mem:testdb'
2021-12-10 21:35:37,481 INFO org.springframework.orm.jpa.LocalContainerEntityManagerFactoryBean [restartedMain] Initialized JPA EntityManagerFactory for persistence unit 'default'
2021-12-10 21:35:37,599 WARN org.springframework.boot.autoconfigure.orm.jpa.JpaBaseConfiguration$JpaWebConfiguration [restartedMain] spring.jpa.open-in-view is enabled by default. Therefore, database queries may be performed during view rendering. Explicitly configure spring.jpa.open-in-view to disable this warning
2021-12-10 21:35:37,715 INFO org.springframework.boot.devtools.autoconfigure.OptionalLiveReloadServer [restartedMain] LiveReload server is running on port 35729
2021-12-10 21:35:37,728 INFO org.springframework.boot.web.embedded.tomcat.TomcatWebServer [restartedMain] Tomcat started on port(s): 8080 (http) with context path ''
2021-12-10 21:35:37,733 INFO com.wipro.userinfoservice.UserinfoserviceApplication [restartedMain] Started UserinfoserviceApplication in 0.812 seconds (JVM running for 36083.914)
2021-12-10 21:35:37,734 INFO org.springframework.boot.devtools.autoconfigure.ConditionEvaluationDeltaLoggingListener [restartedMain] Condition evaluation unchanged
2021-12-10 21:35:51,770 INFO org.springframework.boot.admin.SpringApplicationAdminMXBeanRegistrar$SpringApplicationAdmin [RMI TCP Connection(498)-127.0.0.1] Application shutdown requested.
2021-12-10 21:35:53,296 INFO org.springframework.orm.jpa.LocalContainerEntityManagerFactoryBean [RMI TCP Connection(498)-127.0.0.1] Closing JPA EntityManagerFactory for persistence unit 'default'
2021-12-10 21:35:53,299 ERROR org.hibernate.tool.schema.internal.SchemaDropperImpl$DelayedDropActionImpl [RMI TCP Connection(498)-127.0.0.1] HHH000478: Unsuccessful: drop table if exists countries CASCADE 
2021-12-10 21:35:53,299 ERROR org.hibernate.tool.schema.internal.SchemaDropperImpl$DelayedDropActionImpl [RMI TCP Connection(498)-127.0.0.1] HHH000478: Unsuccessful: drop table if exists users CASCADE 
2021-12-10 21:35:53,300 ERROR org.hibernate.tool.schema.internal.SchemaDropperImpl$DelayedDropActionImpl [RMI TCP Connection(498)-127.0.0.1] HHH000478: Unsuccessful: drop sequence if exists hibernate_sequence
2021-12-10 21:35:53,302 ERROR org.hibernate.engine.jdbc.spi.SqlExceptionHelper [RMI TCP Connection(498)-127.0.0.1] Database is already closed (to disable automatic closing at VM shutdown, add ";DB_CLOSE_ON_EXIT=FALSE" to the db URL) [90121-200]
2021-12-10 21:35:53,314 WARN org.springframework.beans.factory.support.DisposableBeanAdapter [RMI TCP Connection(498)-127.0.0.1] Invocation of destroy method failed on bean with name 'entityManagerFactory': org.hibernate.exception.JDBCConnectionException: Unable to release JDBC Connection used for DDL execution
2021-12-10 21:35:53,315 WARN org.springframework.beans.factory.support.DisposableBeanAdapter [RMI TCP Connection(498)-127.0.0.1] Invocation of destroy method failed on bean with name 'inMemoryDatabaseShutdownExecutor': org.h2.jdbc.JdbcSQLNonTransientConnectionException: Database is already closed (to disable automatic closing at VM shutdown, add ";DB_CLOSE_ON_EXIT=FALSE" to the db URL) [90121-200]
2021-12-10 21:39:25,223 INFO com.wipro.userinfoservice.UserinfoserviceApplication [restartedMain] Starting UserinfoserviceApplication using Java 15.0.2 on DESKTOP-JSLP03A with PID 19224 (E:\git_project\6\userdetailservice\target\classes started by Bhuvanesh K in E:\git_project\6\userdetailservice)
2021-12-10 21:39:25,228 DEBUG com.wipro.userinfoservice.UserinfoserviceApplication [restartedMain] Running with Spring Boot v2.5.7, Spring v5.3.13
2021-12-10 21:39:25,228 INFO com.wipro.userinfoservice.UserinfoserviceApplication [restartedMain] No active profile set, falling back to default profiles: default
2021-12-10 21:39:25,384 INFO org.springframework.boot.devtools.env.DevToolsPropertyDefaultsPostProcessor [restartedMain] Devtools property defaults active! Set 'spring.devtools.add-properties' to 'false' to disable
2021-12-10 21:39:25,384 INFO org.springframework.boot.devtools.env.DevToolsPropertyDefaultsPostProcessor [restartedMain] For additional web related logging consider setting the 'logging.level.web' property to 'DEBUG'
2021-12-10 21:39:26,454 INFO org.springframework.data.repository.config.RepositoryConfigurationDelegate [restartedMain] Bootstrapping Spring Data JPA repositories in DEFAULT mode.
2021-12-10 21:39:26,565 INFO org.springframework.data.repository.config.RepositoryConfigurationDelegate [restartedMain] Finished Spring Data repository scanning in 92 ms. Found 1 JPA repository interfaces.
2021-12-10 21:39:27,482 INFO org.springframework.boot.web.embedded.tomcat.TomcatWebServer [restartedMain] Tomcat initialized with port(s): 8080 (http)
2021-12-10 21:39:27,813 INFO org.springframework.boot.web.servlet.context.ServletWebServerApplicationContext [restartedMain] Root WebApplicationContext: initialization completed in 2427 ms
2021-12-10 21:39:28,158 INFO org.springframework.boot.autoconfigure.h2.H2ConsoleAutoConfiguration [restartedMain] H2 console available at '/h2-console'. Database available at 'jdbc:h2:mem:testdb'
2021-12-10 21:39:29,833 INFO org.springframework.orm.jpa.LocalContainerEntityManagerFactoryBean [restartedMain] Initialized JPA EntityManagerFactory for persistence unit 'default'
2021-12-10 21:39:30,617 WARN org.springframework.boot.autoconfigure.orm.jpa.JpaBaseConfiguration$JpaWebConfiguration [restartedMain] spring.jpa.open-in-view is enabled by default. Therefore, database queries may be performed during view rendering. Explicitly configure spring.jpa.open-in-view to disable this warning
2021-12-10 21:39:31,237 INFO org.springframework.boot.devtools.autoconfigure.OptionalLiveReloadServer [restartedMain] LiveReload server is running on port 35729
2021-12-10 21:39:31,437 INFO org.springframework.boot.web.embedded.tomcat.TomcatWebServer [restartedMain] Tomcat started on port(s): 8080 (http) with context path ''
2021-12-10 21:39:31,467 INFO com.wipro.userinfoservice.UserinfoserviceApplication [restartedMain] Started UserinfoserviceApplication in 7.612 seconds (JVM running for 11.214)
2021-12-10 21:40:03,037 INFO org.springframework.web.servlet.DispatcherServlet [http-nio-8080-exec-1] Initializing Servlet 'dispatcherServlet'
2021-12-10 21:40:03,040 INFO org.springframework.web.servlet.DispatcherServlet [http-nio-8080-exec-1] Completed initialization in 2 ms
