2021-12-14 14:26:26,832 INFO com.wipro.userinfoservice.UserinfoserviceApplication [restartedMain] Starting UserinfoserviceApplication using Java 15.0.2 on DESKTOP-JSLP03A with PID 11800 (E:\git_project\6\userdetailservice\target\classes started by Bhuvanesh K in E:\git_project\6\userdetailservice)
2021-12-14 14:26:26,929 DEBUG com.wipro.userinfoservice.UserinfoserviceApplication [restartedMain] Running with Spring Boot v2.5.7, Spring v5.3.13
2021-12-14 14:26:26,930 INFO com.wipro.userinfoservice.UserinfoserviceApplication [restartedMain] No active profile set, falling back to default profiles: default
2021-12-14 14:26:27,231 INFO org.springframework.boot.devtools.env.DevToolsPropertyDefaultsPostProcessor [restartedMain] Devtools property defaults active! Set 'spring.devtools.add-properties' to 'false' to disable
2021-12-14 14:26:27,236 INFO org.springframework.boot.devtools.env.DevToolsPropertyDefaultsPostProcessor [restartedMain] For additional web related logging consider setting the 'logging.level.web' property to 'DEBUG'
2021-12-14 14:26:28,614 INFO org.springframework.data.repository.config.RepositoryConfigurationDelegate [restartedMain] Bootstrapping Spring Data JPA repositories in DEFAULT mode.
2021-12-14 14:26:28,881 INFO org.springframework.data.repository.config.RepositoryConfigurationDelegate [restartedMain] Finished Spring Data repository scanning in 195 ms. Found 1 JPA repository interfaces.
2021-12-14 14:26:29,827 INFO org.springframework.boot.web.embedded.tomcat.TomcatWebServer [restartedMain] Tomcat initialized with port(s): 8080 (http)
2021-12-14 14:26:29,988 INFO org.springframework.boot.web.servlet.context.ServletWebServerApplicationContext [restartedMain] Root WebApplicationContext: initialization completed in 2749 ms
2021-12-14 14:26:30,294 INFO org.springframework.boot.autoconfigure.h2.H2ConsoleAutoConfiguration [restartedMain] H2 console available at '/h2-console'. Database available at 'jdbc:h2:mem:testdb'
2021-12-14 14:26:31,635 INFO org.springframework.orm.jpa.LocalContainerEntityManagerFactoryBean [restartedMain] Initialized JPA EntityManagerFactory for persistence unit 'default'
2021-12-14 14:26:32,224 WARN org.springframework.boot.autoconfigure.orm.jpa.JpaBaseConfiguration$JpaWebConfiguration [restartedMain] spring.jpa.open-in-view is enabled by default. Therefore, database queries may be performed during view rendering. Explicitly configure spring.jpa.open-in-view to disable this warning
2021-12-14 14:26:32,738 INFO org.springframework.boot.devtools.autoconfigure.OptionalLiveReloadServer [restartedMain] LiveReload server is running on port 35729
2021-12-14 14:26:32,815 INFO org.springframework.boot.web.embedded.tomcat.TomcatWebServer [restartedMain] Tomcat started on port(s): 8080 (http) with context path ''
2021-12-14 14:26:32,829 INFO com.wipro.userinfoservice.UserinfoserviceApplication [restartedMain] Started UserinfoserviceApplication in 7.298 seconds (JVM running for 9.574)
2021-12-14 14:27:23,546 INFO org.springframework.web.servlet.DispatcherServlet [http-nio-8080-exec-1] Initializing Servlet 'dispatcherServlet'
2021-12-14 14:27:23,548 INFO org.springframework.web.servlet.DispatcherServlet [http-nio-8080-exec-1] Completed initialization in 2 ms
2021-12-14 14:28:07,834 WARN org.springframework.web.servlet.mvc.method.annotation.ExceptionHandlerExceptionResolver [http-nio-8080-exec-3] Resolved [org.springframework.web.HttpRequestMethodNotSupportedException: Request method 'POST' not supported]
2021-12-14 14:28:17,862 ERROR org.hibernate.engine.jdbc.spi.SqlExceptionHelper [http-nio-8080-exec-4] Unique index or primary key violation: "PRIMARY KEY ON PUBLIC.USERS(ID) [1, 'est rerum tempore vitae\nsequi sint nihil reprehenderit dolor beatae ea dolores neque\nfugiat blanditiis voluptate porro vel nihil molestiae ut reiciendis\nqui aperiam non debitis possimus qui neque nisi nulla', 'sunt aut facere repellat provident occaecati excepturi optio reprehenderit', 1]"; SQL statement:
insert into users (body, title, userid, id) values (?, ?, ?, ?) [23505-200]
2021-12-14 14:28:17,876 WARN org.springframework.web.servlet.mvc.method.annotation.ExceptionHandlerExceptionResolver [http-nio-8080-exec-4] Resolved [org.springframework.dao.DataIntegrityViolationException: could not execute statement; SQL [n/a]; constraint ["PRIMARY KEY ON PUBLIC.USERS(ID) [1, 'est rerum tempore vitae\nsequi sint nihil reprehenderit dolor beatae ea dolores neque\nfugiat blanditiis voluptate porro vel nihil molestiae ut reiciendis\nqui aperiam non debitis possimus qui neque nisi nulla', 'sunt aut facere repellat provident occaecati excepturi optio reprehenderit', 1]"; SQL statement:<LF>insert into users (body, title, userid, id) values (?, ?, ?, ?) [23505-200]]; nested exception is org.hibernate.exception.ConstraintViolationException: could not execute statement]
2021-12-14 14:28:33,202 ERROR org.hibernate.engine.jdbc.spi.SqlExceptionHelper [http-nio-8080-exec-5] Unique index or primary key violation: "PRIMARY KEY ON PUBLIC.USERS(ID) [2, 'quia et suscipit\nsuscipit recusandae consequuntur expedita et cum\nreprehenderit molestiae ut ut quas totam\nnostrum rerum est autem sunt rem eveniet architecto', 'qui est esse', 1]"; SQL statement:
insert into users (body, title, userid, id) values (?, ?, ?, ?) [23505-200]
2021-12-14 14:28:33,207 WARN org.springframework.web.servlet.mvc.method.annotation.ExceptionHandlerExceptionResolver [http-nio-8080-exec-5] Resolved [org.springframework.dao.DataIntegrityViolationException: could not execute statement; SQL [n/a]; constraint ["PRIMARY KEY ON PUBLIC.USERS(ID) [2, 'quia et suscipit\nsuscipit recusandae consequuntur expedita et cum\nreprehenderit molestiae ut ut quas totam\nnostrum rerum est autem sunt rem eveniet architecto', 'qui est esse', 1]"; SQL statement:<LF>insert into users (body, title, userid, id) values (?, ?, ?, ?) [23505-200]]; nested exception is org.hibernate.exception.ConstraintViolationException: could not execute statement]
2021-12-14 14:29:37,326 INFO org.springframework.orm.jpa.LocalContainerEntityManagerFactoryBean [Thread-6] Closing JPA EntityManagerFactory for persistence unit 'default'
2021-12-14 14:29:37,562 WARN org.springframework.beans.factory.support.DisposableBeanAdapter [Thread-6] Invocation of destroy method failed on bean with name 'inMemoryDatabaseShutdownExecutor': org.h2.jdbc.JdbcSQLNonTransientConnectionException: Database is already closed (to disable automatic closing at VM shutdown, add ";DB_CLOSE_ON_EXIT=FALSE" to the db URL) [90121-200]
2021-12-14 14:29:37,726 INFO com.wipro.userinfoservice.UserinfoserviceApplication [restartedMain] Starting UserinfoserviceApplication using Java 15.0.2 on DESKTOP-JSLP03A with PID 11800 (E:\git_project\6\userdetailservice\target\classes started by Bhuvanesh K in E:\git_project\6\userdetailservice)
2021-12-14 14:29:37,727 DEBUG com.wipro.userinfoservice.UserinfoserviceApplication [restartedMain] Running with Spring Boot v2.5.7, Spring v5.3.13
2021-12-14 14:29:37,727 INFO com.wipro.userinfoservice.UserinfoserviceApplication [restartedMain] No active profile set, falling back to default profiles: default
2021-12-14 14:29:38,223 INFO org.springframework.data.repository.config.RepositoryConfigurationDelegate [restartedMain] Bootstrapping Spring Data JPA repositories in DEFAULT mode.
2021-12-14 14:29:38,239 INFO org.springframework.data.repository.config.RepositoryConfigurationDelegate [restartedMain] Finished Spring Data repository scanning in 14 ms. Found 1 JPA repository interfaces.
2021-12-14 14:29:38,446 INFO org.springframework.boot.web.embedded.tomcat.TomcatWebServer [restartedMain] Tomcat initialized with port(s): 8080 (http)
2021-12-14 14:29:38,507 INFO org.springframework.boot.web.servlet.context.ServletWebServerApplicationContext [restartedMain] Root WebApplicationContext: initialization completed in 776 ms
2021-12-14 14:29:38,536 INFO org.springframework.boot.autoconfigure.h2.H2ConsoleAutoConfiguration [restartedMain] H2 console available at '/h2-console'. Database available at 'jdbc:h2:mem:testdb'
2021-12-14 14:29:38,672 INFO org.springframework.orm.jpa.LocalContainerEntityManagerFactoryBean [restartedMain] Initialized JPA EntityManagerFactory for persistence unit 'default'
2021-12-14 14:29:38,868 WARN org.springframework.boot.autoconfigure.orm.jpa.JpaBaseConfiguration$JpaWebConfiguration [restartedMain] spring.jpa.open-in-view is enabled by default. Therefore, database queries may be performed during view rendering. Explicitly configure spring.jpa.open-in-view to disable this warning
2021-12-14 14:29:39,199 INFO org.springframework.boot.devtools.autoconfigure.OptionalLiveReloadServer [restartedMain] LiveReload server is running on port 35729
2021-12-14 14:29:39,236 INFO org.springframework.boot.web.embedded.tomcat.TomcatWebServer [restartedMain] Tomcat started on port(s): 8080 (http) with context path ''
2021-12-14 14:29:39,245 INFO com.wipro.userinfoservice.UserinfoserviceApplication [restartedMain] Started UserinfoserviceApplication in 1.591 seconds (JVM running for 195.991)
2021-12-14 14:29:39,249 INFO org.springframework.boot.devtools.autoconfigure.ConditionEvaluationDeltaLoggingListener [restartedMain] Condition evaluation unchanged
2021-12-14 14:30:43,565 INFO org.springframework.web.servlet.DispatcherServlet [http-nio-8080-exec-1] Initializing Servlet 'dispatcherServlet'
2021-12-14 14:30:43,568 INFO org.springframework.web.servlet.DispatcherServlet [http-nio-8080-exec-1] Completed initialization in 2 ms
2021-12-14 20:22:49,832 INFO org.springframework.boot.test.autoconfigure.web.servlet.WebMvcTestContextBootstrapper [main] Neither @ContextConfiguration nor @ContextHierarchy found for test class [com.wipro.userinfoservice.UserControllerMockTest], using SpringBootContextLoader
2021-12-14 20:22:49,841 INFO org.springframework.test.context.support.AbstractContextLoader [main] Could not detect default resource locations for test class [com.wipro.userinfoservice.UserControllerMockTest]: no resource found for suffixes {-context.xml, Context.groovy}.
2021-12-14 20:22:49,842 INFO org.springframework.test.context.support.AnnotationConfigContextLoaderUtils [main] Could not detect default configuration classes for test class [com.wipro.userinfoservice.UserControllerMockTest]: UserControllerMockTest does not declare any static, non-private, non-final, nested classes annotated with @Configuration.
2021-12-14 20:22:50,278 INFO org.springframework.boot.test.context.SpringBootTestContextBootstrapper [main] Found @SpringBootConfiguration com.wipro.userinfoservice.UserinfoserviceApplication for test class com.wipro.userinfoservice.UserControllerMockTest
2021-12-14 20:22:50,286 INFO org.springframework.boot.test.autoconfigure.web.servlet.WebMvcTestContextBootstrapper [main] Loaded default TestExecutionListener class names from location [META-INF/spring.factories]: [org.springframework.boot.test.mock.mockito.MockitoTestExecutionListener, org.springframework.boot.test.mock.mockito.ResetMocksTestExecutionListener, org.springframework.boot.test.autoconfigure.restdocs.RestDocsTestExecutionListener, org.springframework.boot.test.autoconfigure.web.client.MockRestServiceServerResetTestExecutionListener, org.springframework.boot.test.autoconfigure.web.servlet.MockMvcPrintOnlyOnFailureTestExecutionListener, org.springframework.boot.test.autoconfigure.web.servlet.WebDriverTestExecutionListener, org.springframework.boot.test.autoconfigure.webservices.client.MockWebServiceServerTestExecutionListener, org.springframework.test.context.web.ServletTestExecutionListener, org.springframework.test.context.support.DirtiesContextBeforeModesTestExecutionListener, org.springframework.test.context.event.ApplicationEventsTestExecutionListener, org.springframework.test.context.support.DependencyInjectionTestExecutionListener, org.springframework.test.context.support.DirtiesContextTestExecutionListener, org.springframework.test.context.transaction.TransactionalTestExecutionListener, org.springframework.test.context.jdbc.SqlScriptsTestExecutionListener, org.springframework.test.context.event.EventPublishingTestExecutionListener]
2021-12-14 20:22:50,326 INFO org.springframework.boot.test.autoconfigure.web.servlet.WebMvcTestContextBootstrapper [main] Using TestExecutionListeners: [org.springframework.test.context.web.ServletTestExecutionListener@23d1e5d0, org.springframework.test.context.support.DirtiesContextBeforeModesTestExecutionListener@704f1591, org.springframework.test.context.event.ApplicationEventsTestExecutionListener@58fb7731, org.springframework.boot.test.mock.mockito.MockitoTestExecutionListener@13e547a9, org.springframework.boot.test.autoconfigure.SpringBootDependencyInjectionTestExecutionListener@3fb6cf60, org.springframework.test.context.support.DirtiesContextTestExecutionListener@37ddb69a, org.springframework.test.context.transaction.TransactionalTestExecutionListener@349c1daf, org.springframework.test.context.jdbc.SqlScriptsTestExecutionListener@dfddc9a, org.springframework.test.context.event.EventPublishingTestExecutionListener@4b9df8a, org.springframework.boot.test.mock.mockito.ResetMocksTestExecutionListener@5e8ac0e1, org.springframework.boot.test.autoconfigure.restdocs.RestDocsTestExecutionListener@aafcffa, org.springframework.boot.test.autoconfigure.web.client.MockRestServiceServerResetTestExecutionListener@6955cb39, org.springframework.boot.test.autoconfigure.web.servlet.MockMvcPrintOnlyOnFailureTestExecutionListener@235a0c16, org.springframework.boot.test.autoconfigure.web.servlet.WebDriverTestExecutionListener@2b5f4d54, org.springframework.boot.test.autoconfigure.webservices.client.MockWebServiceServerTestExecutionListener@5f7b97da]
2021-12-14 20:22:51,550 INFO com.wipro.userinfoservice.UserControllerMockTest [main] Starting UserControllerMockTest using Java 15.0.2 on DESKTOP-JSLP03A with PID 4192 (started by Bhuvanesh K in E:\git_project\6\userdetailservice)
2021-12-14 20:22:51,551 DEBUG com.wipro.userinfoservice.UserControllerMockTest [main] Running with Spring Boot v2.5.7, Spring v5.3.13
2021-12-14 20:22:51,551 INFO com.wipro.userinfoservice.UserControllerMockTest [main] No active profile set, falling back to default profiles: default
2021-12-14 20:22:54,963 INFO org.springframework.boot.test.mock.web.SpringBootMockServletContext [main] Initializing Spring TestDispatcherServlet ''
2021-12-14 20:22:54,964 INFO org.springframework.test.web.servlet.TestDispatcherServlet [main] Initializing Servlet ''
2021-12-14 20:22:54,966 INFO org.springframework.test.web.servlet.TestDispatcherServlet [main] Completed initialization in 2 ms
2021-12-14 20:22:55,048 INFO com.wipro.userinfoservice.UserControllerMockTest [main] Started UserControllerMockTest in 4.239 seconds (JVM running for 7.102)
2021-12-14 20:23:31,263 INFO org.springframework.boot.test.autoconfigure.web.servlet.WebMvcTestContextBootstrapper [main] Neither @ContextConfiguration nor @ContextHierarchy found for test class [com.wipro.userinfoservice.UserControllerMockTest], using SpringBootContextLoader
2021-12-14 20:23:31,272 INFO org.springframework.test.context.support.AbstractContextLoader [main] Could not detect default resource locations for test class [com.wipro.userinfoservice.UserControllerMockTest]: no resource found for suffixes {-context.xml, Context.groovy}.
2021-12-14 20:23:31,273 INFO org.springframework.test.context.support.AnnotationConfigContextLoaderUtils [main] Could not detect default configuration classes for test class [com.wipro.userinfoservice.UserControllerMockTest]: UserControllerMockTest does not declare any static, non-private, non-final, nested classes annotated with @Configuration.
2021-12-14 20:23:31,716 INFO org.springframework.boot.test.context.SpringBootTestContextBootstrapper [main] Found @SpringBootConfiguration com.wipro.userinfoservice.UserinfoserviceApplication for test class com.wipro.userinfoservice.UserControllerMockTest
2021-12-14 20:23:31,724 INFO org.springframework.boot.test.autoconfigure.web.servlet.WebMvcTestContextBootstrapper [main] Loaded default TestExecutionListener class names from location [META-INF/spring.factories]: [org.springframework.boot.test.mock.mockito.MockitoTestExecutionListener, org.springframework.boot.test.mock.mockito.ResetMocksTestExecutionListener, org.springframework.boot.test.autoconfigure.restdocs.RestDocsTestExecutionListener, org.springframework.boot.test.autoconfigure.web.client.MockRestServiceServerResetTestExecutionListener, org.springframework.boot.test.autoconfigure.web.servlet.MockMvcPrintOnlyOnFailureTestExecutionListener, org.springframework.boot.test.autoconfigure.web.servlet.WebDriverTestExecutionListener, org.springframework.boot.test.autoconfigure.webservices.client.MockWebServiceServerTestExecutionListener, org.springframework.test.context.web.ServletTestExecutionListener, org.springframework.test.context.support.DirtiesContextBeforeModesTestExecutionListener, org.springframework.test.context.event.ApplicationEventsTestExecutionListener, org.springframework.test.context.support.DependencyInjectionTestExecutionListener, org.springframework.test.context.support.DirtiesContextTestExecutionListener, org.springframework.test.context.transaction.TransactionalTestExecutionListener, org.springframework.test.context.jdbc.SqlScriptsTestExecutionListener, org.springframework.test.context.event.EventPublishingTestExecutionListener]
2021-12-14 20:23:31,770 INFO org.springframework.boot.test.autoconfigure.web.servlet.WebMvcTestContextBootstrapper [main] Using TestExecutionListeners: [org.springframework.test.context.web.ServletTestExecutionListener@23d1e5d0, org.springframework.test.context.support.DirtiesContextBeforeModesTestExecutionListener@704f1591, org.springframework.test.context.event.ApplicationEventsTestExecutionListener@58fb7731, org.springframework.boot.test.mock.mockito.MockitoTestExecutionListener@13e547a9, org.springframework.boot.test.autoconfigure.SpringBootDependencyInjectionTestExecutionListener@3fb6cf60, org.springframework.test.context.support.DirtiesContextTestExecutionListener@37ddb69a, org.springframework.test.context.transaction.TransactionalTestExecutionListener@349c1daf, org.springframework.test.context.jdbc.SqlScriptsTestExecutionListener@dfddc9a, org.springframework.test.context.event.EventPublishingTestExecutionListener@4b9df8a, org.springframework.boot.test.mock.mockito.ResetMocksTestExecutionListener@5e8ac0e1, org.springframework.boot.test.autoconfigure.restdocs.RestDocsTestExecutionListener@aafcffa, org.springframework.boot.test.autoconfigure.web.client.MockRestServiceServerResetTestExecutionListener@6955cb39, org.springframework.boot.test.autoconfigure.web.servlet.MockMvcPrintOnlyOnFailureTestExecutionListener@235a0c16, org.springframework.boot.test.autoconfigure.web.servlet.WebDriverTestExecutionListener@2b5f4d54, org.springframework.boot.test.autoconfigure.webservices.client.MockWebServiceServerTestExecutionListener@5f7b97da]
2021-12-14 20:23:33,065 INFO com.wipro.userinfoservice.UserControllerMockTest [main] Starting UserControllerMockTest using Java 15.0.2 on DESKTOP-JSLP03A with PID 13032 (started by Bhuvanesh K in E:\git_project\6\userdetailservice)
2021-12-14 20:23:33,066 DEBUG com.wipro.userinfoservice.UserControllerMockTest [main] Running with Spring Boot v2.5.7, Spring v5.3.13
2021-12-14 20:23:33,066 INFO com.wipro.userinfoservice.UserControllerMockTest [main] No active profile set, falling back to default profiles: default
2021-12-14 20:23:36,875 INFO org.springframework.boot.test.mock.web.SpringBootMockServletContext [main] Initializing Spring TestDispatcherServlet ''
2021-12-14 20:23:36,876 INFO org.springframework.test.web.servlet.TestDispatcherServlet [main] Initializing Servlet ''
2021-12-14 20:23:36,877 INFO org.springframework.test.web.servlet.TestDispatcherServlet [main] Completed initialization in 1 ms
2021-12-14 20:23:36,932 INFO com.wipro.userinfoservice.UserControllerMockTest [main] Started UserControllerMockTest in 4.775 seconds (JVM running for 7.473)
2021-12-14 20:24:25,303 INFO org.springframework.boot.test.autoconfigure.web.servlet.WebMvcTestContextBootstrapper [main] Neither @ContextConfiguration nor @ContextHierarchy found for test class [com.wipro.userinfoservice.UserControllerMockTest], using SpringBootContextLoader
2021-12-14 20:24:25,312 INFO org.springframework.test.context.support.AbstractContextLoader [main] Could not detect default resource locations for test class [com.wipro.userinfoservice.UserControllerMockTest]: no resource found for suffixes {-context.xml, Context.groovy}.
2021-12-14 20:24:25,313 INFO org.springframework.test.context.support.AnnotationConfigContextLoaderUtils [main] Could not detect default configuration classes for test class [com.wipro.userinfoservice.UserControllerMockTest]: UserControllerMockTest does not declare any static, non-private, non-final, nested classes annotated with @Configuration.
2021-12-14 20:24:25,596 INFO org.springframework.boot.test.context.SpringBootTestContextBootstrapper [main] Found @SpringBootConfiguration com.wipro.userinfoservice.UserinfoserviceApplication for test class com.wipro.userinfoservice.UserControllerMockTest
2021-12-14 20:24:25,604 INFO org.springframework.boot.test.autoconfigure.web.servlet.WebMvcTestContextBootstrapper [main] Loaded default TestExecutionListener class names from location [META-INF/spring.factories]: [org.springframework.boot.test.mock.mockito.MockitoTestExecutionListener, org.springframework.boot.test.mock.mockito.ResetMocksTestExecutionListener, org.springframework.boot.test.autoconfigure.restdocs.RestDocsTestExecutionListener, org.springframework.boot.test.autoconfigure.web.client.MockRestServiceServerResetTestExecutionListener, org.springframework.boot.test.autoconfigure.web.servlet.MockMvcPrintOnlyOnFailureTestExecutionListener, org.springframework.boot.test.autoconfigure.web.servlet.WebDriverTestExecutionListener, org.springframework.boot.test.autoconfigure.webservices.client.MockWebServiceServerTestExecutionListener, org.springframework.test.context.web.ServletTestExecutionListener, org.springframework.test.context.support.DirtiesContextBeforeModesTestExecutionListener, org.springframework.test.context.event.ApplicationEventsTestExecutionListener, org.springframework.test.context.support.DependencyInjectionTestExecutionListener, org.springframework.test.context.support.DirtiesContextTestExecutionListener, org.springframework.test.context.transaction.TransactionalTestExecutionListener, org.springframework.test.context.jdbc.SqlScriptsTestExecutionListener, org.springframework.test.context.event.EventPublishingTestExecutionListener]
2021-12-14 20:24:25,643 INFO org.springframework.boot.test.autoconfigure.web.servlet.WebMvcTestContextBootstrapper [main] Using TestExecutionListeners: [org.springframework.test.context.web.ServletTestExecutionListener@23d1e5d0, org.springframework.test.context.support.DirtiesContextBeforeModesTestExecutionListener@704f1591, org.springframework.test.context.event.ApplicationEventsTestExecutionListener@58fb7731, org.springframework.boot.test.mock.mockito.MockitoTestExecutionListener@13e547a9, org.springframework.boot.test.autoconfigure.SpringBootDependencyInjectionTestExecutionListener@3fb6cf60, org.springframework.test.context.support.DirtiesContextTestExecutionListener@37ddb69a, org.springframework.test.context.transaction.TransactionalTestExecutionListener@349c1daf, org.springframework.test.context.jdbc.SqlScriptsTestExecutionListener@dfddc9a, org.springframework.test.context.event.EventPublishingTestExecutionListener@4b9df8a, org.springframework.boot.test.mock.mockito.ResetMocksTestExecutionListener@5e8ac0e1, org.springframework.boot.test.autoconfigure.restdocs.RestDocsTestExecutionListener@aafcffa, org.springframework.boot.test.autoconfigure.web.client.MockRestServiceServerResetTestExecutionListener@6955cb39, org.springframework.boot.test.autoconfigure.web.servlet.MockMvcPrintOnlyOnFailureTestExecutionListener@235a0c16, org.springframework.boot.test.autoconfigure.web.servlet.WebDriverTestExecutionListener@2b5f4d54, org.springframework.boot.test.autoconfigure.webservices.client.MockWebServiceServerTestExecutionListener@5f7b97da]
2021-12-14 20:24:26,674 INFO com.wipro.userinfoservice.UserControllerMockTest [main] Starting UserControllerMockTest using Java 15.0.2 on DESKTOP-JSLP03A with PID 16208 (started by Bhuvanesh K in E:\git_project\6\userdetailservice)
2021-12-14 20:24:26,675 DEBUG com.wipro.userinfoservice.UserControllerMockTest [main] Running with Spring Boot v2.5.7, Spring v5.3.13
2021-12-14 20:24:26,675 INFO com.wipro.userinfoservice.UserControllerMockTest [main] No active profile set, falling back to default profiles: default
2021-12-14 20:24:30,125 INFO org.springframework.boot.test.mock.web.SpringBootMockServletContext [main] Initializing Spring TestDispatcherServlet ''
2021-12-14 20:24:30,125 INFO org.springframework.test.web.servlet.TestDispatcherServlet [main] Initializing Servlet ''
2021-12-14 20:24:30,127 INFO org.springframework.test.web.servlet.TestDispatcherServlet [main] Completed initialization in 2 ms
2021-12-14 20:24:30,186 INFO com.wipro.userinfoservice.UserControllerMockTest [main] Started UserControllerMockTest in 4.133 seconds (JVM running for 6.619)
2021-12-14 20:28:45,532 INFO org.springframework.boot.test.autoconfigure.web.servlet.WebMvcTestContextBootstrapper [main] Neither @ContextConfiguration nor @ContextHierarchy found for test class [com.wipro.userinfoservice.UserControllerMockTest], using SpringBootContextLoader
2021-12-14 20:28:45,542 INFO org.springframework.test.context.support.AbstractContextLoader [main] Could not detect default resource locations for test class [com.wipro.userinfoservice.UserControllerMockTest]: no resource found for suffixes {-context.xml, Context.groovy}.
2021-12-14 20:28:45,543 INFO org.springframework.test.context.support.AnnotationConfigContextLoaderUtils [main] Could not detect default configuration classes for test class [com.wipro.userinfoservice.UserControllerMockTest]: UserControllerMockTest does not declare any static, non-private, non-final, nested classes annotated with @Configuration.
2021-12-14 20:28:45,834 INFO org.springframework.boot.test.context.SpringBootTestContextBootstrapper [main] Found @SpringBootConfiguration com.wipro.userinfoservice.UserinfoserviceApplication for test class com.wipro.userinfoservice.UserControllerMockTest
2021-12-14 20:28:45,842 INFO org.springframework.boot.test.autoconfigure.web.servlet.WebMvcTestContextBootstrapper [main] Loaded default TestExecutionListener class names from location [META-INF/spring.factories]: [org.springframework.boot.test.mock.mockito.MockitoTestExecutionListener, org.springframework.boot.test.mock.mockito.ResetMocksTestExecutionListener, org.springframework.boot.test.autoconfigure.restdocs.RestDocsTestExecutionListener, org.springframework.boot.test.autoconfigure.web.client.MockRestServiceServerResetTestExecutionListener, org.springframework.boot.test.autoconfigure.web.servlet.MockMvcPrintOnlyOnFailureTestExecutionListener, org.springframework.boot.test.autoconfigure.web.servlet.WebDriverTestExecutionListener, org.springframework.boot.test.autoconfigure.webservices.client.MockWebServiceServerTestExecutionListener, org.springframework.test.context.web.ServletTestExecutionListener, org.springframework.test.context.support.DirtiesContextBeforeModesTestExecutionListener, org.springframework.test.context.event.ApplicationEventsTestExecutionListener, org.springframework.test.context.support.DependencyInjectionTestExecutionListener, org.springframework.test.context.support.DirtiesContextTestExecutionListener, org.springframework.test.context.transaction.TransactionalTestExecutionListener, org.springframework.test.context.jdbc.SqlScriptsTestExecutionListener, org.springframework.test.context.event.EventPublishingTestExecutionListener]
2021-12-14 20:28:45,885 INFO org.springframework.boot.test.autoconfigure.web.servlet.WebMvcTestContextBootstrapper [main] Using TestExecutionListeners: [org.springframework.test.context.web.ServletTestExecutionListener@704f1591, org.springframework.test.context.support.DirtiesContextBeforeModesTestExecutionListener@58fb7731, org.springframework.test.context.event.ApplicationEventsTestExecutionListener@13e547a9, org.springframework.boot.test.mock.mockito.MockitoTestExecutionListener@3fb6cf60, org.springframework.boot.test.autoconfigure.SpringBootDependencyInjectionTestExecutionListener@37ddb69a, org.springframework.test.context.support.DirtiesContextTestExecutionListener@349c1daf, org.springframework.test.context.transaction.TransactionalTestExecutionListener@dfddc9a, org.springframework.test.context.jdbc.SqlScriptsTestExecutionListener@4b9df8a, org.springframework.test.context.event.EventPublishingTestExecutionListener@5e8ac0e1, org.springframework.boot.test.mock.mockito.ResetMocksTestExecutionListener@aafcffa, org.springframework.boot.test.autoconfigure.restdocs.RestDocsTestExecutionListener@6955cb39, org.springframework.boot.test.autoconfigure.web.client.MockRestServiceServerResetTestExecutionListener@235a0c16, org.springframework.boot.test.autoconfigure.web.servlet.MockMvcPrintOnlyOnFailureTestExecutionListener@2b5f4d54, org.springframework.boot.test.autoconfigure.web.servlet.WebDriverTestExecutionListener@5f7b97da, org.springframework.boot.test.autoconfigure.webservices.client.MockWebServiceServerTestExecutionListener@18b0930f]
2021-12-14 20:28:47,043 INFO com.wipro.userinfoservice.UserControllerMockTest [main] Starting UserControllerMockTest using Java 15.0.2 on DESKTOP-JSLP03A with PID 6420 (started by Bhuvanesh K in E:\git_project\6\userdetailservice)
2021-12-14 20:28:47,044 DEBUG com.wipro.userinfoservice.UserControllerMockTest [main] Running with Spring Boot v2.5.7, Spring v5.3.13
2021-12-14 20:28:47,045 INFO com.wipro.userinfoservice.UserControllerMockTest [main] No active profile set, falling back to default profiles: default
2021-12-14 20:28:50,469 INFO org.springframework.boot.test.mock.web.SpringBootMockServletContext [main] Initializing Spring TestDispatcherServlet ''
2021-12-14 20:28:50,470 INFO org.springframework.test.web.servlet.TestDispatcherServlet [main] Initializing Servlet ''
2021-12-14 20:28:50,472 INFO org.springframework.test.web.servlet.TestDispatcherServlet [main] Completed initialization in 2 ms
2021-12-14 20:28:50,535 INFO com.wipro.userinfoservice.UserControllerMockTest [main] Started UserControllerMockTest in 4.158 seconds (JVM running for 7.215)
2021-12-14 20:28:50,615 WARN org.springframework.test.context.TestContextManager [main] Caught exception while invoking 'afterTestMethod' callback on TestExecutionListener [org.springframework.boot.test.mock.mockito.ResetMocksTestExecutionListener@aafcffa] for test method [public void com.wipro.userinfoservice.UserControllerMockTest.testPostExample() throws java.lang.Exception] and test instance [com.wipro.userinfoservice.UserControllerMockTest@5940b14e]
org.mockito.exceptions.misusing.InvalidUseOfMatchersException: 
Misplaced or misused argument matcher detected here:

-> at com.wipro.userinfoservice.UserControllerMockTest.testPostExample(UserControllerMockTest.java:56)

You cannot use argument matchers outside of verification or stubbing.
Examples of correct usage of argument matchers:
    when(mock.get(anyInt())).thenReturn(null);
    doThrow(new RuntimeException()).when(mock).someVoidMethod(anyObject());
    verify(mock).someMethod(contains("foo"))

This message may appear after an NullPointerException if the last matcher is returning an object 
like any() but the stubbed method signature expect a primitive argument, in this case,
use primitive alternatives.
    when(mock.get(any())); // bad use, will raise NPE
    when(mock.get(anyInt())); // correct usage use

Also, this error might show up because you use argument matchers with methods that cannot be mocked.
Following methods *cannot* be stubbed/verified: final/private/equals()/hashCode().
Mocking methods declared on non-public parent classes is not supported.

	at org.springframework.boot.test.mock.mockito.ResetMocksTestExecutionListener.resetMocks(ResetMocksTestExecutionListener.java:83)
	at org.springframework.boot.test.mock.mockito.ResetMocksTestExecutionListener.resetMocks(ResetMocksTestExecutionListener.java:70)
	at org.springframework.boot.test.mock.mockito.ResetMocksTestExecutionListener.afterTestMethod(ResetMocksTestExecutionListener.java:64)
	at org.springframework.test.context.TestContextManager.afterTestMethod(TestContextManager.java:445)
	at org.springframework.test.context.junit.jupiter.SpringExtension.afterEach(SpringExtension.java:206)
	at org.junit.jupiter.engine.descriptor.TestMethodTestDescriptor.lambda$invokeAfterEachCallbacks$11(TestMethodTestDescriptor.java:218)
	at org.junit.platform.engine.support.hierarchical.ThrowableCollector.execute(ThrowableCollector.java:72)
	at org.junit.jupiter.engine.descriptor.TestMethodTestDescriptor.lambda$invokeAllAfterMethodsOrCallbacks$13(TestMethodTestDescriptor.java:230)
	at java.base/java.util.ArrayList.forEach(ArrayList.java:1511)
	at org.junit.jupiter.engine.descriptor.TestMethodTestDescriptor.invokeAllAfterMethodsOrCallbacks(TestMethodTestDescriptor.java:228)
	at org.junit.jupiter.engine.descriptor.TestMethodTestDescriptor.invokeAfterEachCallbacks(TestMethodTestDescriptor.java:217)
	at org.junit.jupiter.engine.descriptor.TestMethodTestDescriptor.execute(TestMethodTestDescriptor.java:120)
	at org.junit.jupiter.engine.descriptor.TestMethodTestDescriptor.execute(TestMethodTestDescriptor.java:59)
	at org.junit.platform.engine.support.hierarchical.NodeTestTask.lambda$executeRecursively$4(NodeTestTask.java:108)
	at org.junit.platform.engine.support.hierarchical.ThrowableCollector.execute(ThrowableCollector.java:72)
	at org.junit.platform.engine.support.hierarchical.NodeTestTask.executeRecursively(NodeTestTask.java:98)
	at org.junit.platform.engine.support.hierarchical.NodeTestTask.execute(NodeTestTask.java:74)
	at java.base/java.util.ArrayList.forEach(ArrayList.java:1511)
	at org.junit.platform.engine.support.hierarchical.SameThreadHierarchicalTestExecutorService.invokeAll(SameThreadHierarchicalTestExecutorService.java:38)
	at org.junit.platform.engine.support.hierarchical.NodeTestTask.lambda$executeRecursively$4(NodeTestTask.java:112)
	at org.junit.platform.engine.support.hierarchical.ThrowableCollector.execute(ThrowableCollector.java:72)
	at org.junit.platform.engine.support.hierarchical.NodeTestTask.executeRecursively(NodeTestTask.java:98)
	at org.junit.platform.engine.support.hierarchical.NodeTestTask.execute(NodeTestTask.java:74)
	at java.base/java.util.ArrayList.forEach(ArrayList.java:1511)
	at org.junit.platform.engine.support.hierarchical.SameThreadHierarchicalTestExecutorService.invokeAll(SameThreadHierarchicalTestExecutorService.java:38)
	at org.junit.platform.engine.support.hierarchical.NodeTestTask.lambda$executeRecursively$4(NodeTestTask.java:112)
	at org.junit.platform.engine.support.hierarchical.ThrowableCollector.execute(ThrowableCollector.java:72)
	at org.junit.platform.engine.support.hierarchical.NodeTestTask.executeRecursively(NodeTestTask.java:98)
	at org.junit.platform.engine.support.hierarchical.NodeTestTask.execute(NodeTestTask.java:74)
	at org.junit.platform.engine.support.hierarchical.SameThreadHierarchicalTestExecutorService.submit(SameThreadHierarchicalTestExecutorService.java:32)
	at org.junit.platform.engine.support.hierarchical.HierarchicalTestExecutor.execute(HierarchicalTestExecutor.java:57)
	at org.junit.platform.engine.support.hierarchical.HierarchicalTestEngine.execute(HierarchicalTestEngine.java:51)
	at org.junit.platform.launcher.core.DefaultLauncher.execute(DefaultLauncher.java:220)
	at org.junit.platform.launcher.core.DefaultLauncher.lambda$execute$6(DefaultLauncher.java:188)
	at org.junit.platform.launcher.core.DefaultLauncher.withInterceptedStreams(DefaultLauncher.java:202)
	at org.junit.platform.launcher.core.DefaultLauncher.execute(DefaultLauncher.java:181)
	at org.junit.platform.launcher.core.DefaultLauncher.execute(DefaultLauncher.java:128)
	at org.eclipse.jdt.internal.junit5.runner.JUnit5TestReference.run(JUnit5TestReference.java:100)
	at org.eclipse.jdt.internal.junit.runner.TestExecution.run(TestExecution.java:40)
	at org.eclipse.jdt.internal.junit.runner.RemoteTestRunner.runTests(RemoteTestRunner.java:529)
	at org.eclipse.jdt.internal.junit.runner.RemoteTestRunner.runTests(RemoteTestRunner.java:756)
	at org.eclipse.jdt.internal.junit.runner.RemoteTestRunner.run(RemoteTestRunner.java:452)
	at org.eclipse.jdt.internal.junit.runner.RemoteTestRunner.main(RemoteTestRunner.java:210)
2021-12-14 21:22:09,762 INFO org.springframework.boot.test.autoconfigure.web.servlet.WebMvcTestContextBootstrapper [main] Neither @ContextConfiguration nor @ContextHierarchy found for test class [com.wipro.userinfoservice.UserControllerMockTest], using SpringBootContextLoader
2021-12-14 21:22:09,772 INFO org.springframework.test.context.support.AbstractContextLoader [main] Could not detect default resource locations for test class [com.wipro.userinfoservice.UserControllerMockTest]: no resource found for suffixes {-context.xml, Context.groovy}.
2021-12-14 21:22:09,773 INFO org.springframework.test.context.support.AnnotationConfigContextLoaderUtils [main] Could not detect default configuration classes for test class [com.wipro.userinfoservice.UserControllerMockTest]: UserControllerMockTest does not declare any static, non-private, non-final, nested classes annotated with @Configuration.
2021-12-14 21:22:10,070 INFO org.springframework.boot.test.context.SpringBootTestContextBootstrapper [main] Found @SpringBootConfiguration com.wipro.userinfoservice.UserinfoserviceApplication for test class com.wipro.userinfoservice.UserControllerMockTest
2021-12-14 21:22:10,079 INFO org.springframework.boot.test.autoconfigure.web.servlet.WebMvcTestContextBootstrapper [main] Loaded default TestExecutionListener class names from location [META-INF/spring.factories]: [org.springframework.boot.test.mock.mockito.MockitoTestExecutionListener, org.springframework.boot.test.mock.mockito.ResetMocksTestExecutionListener, org.springframework.boot.test.autoconfigure.restdocs.RestDocsTestExecutionListener, org.springframework.boot.test.autoconfigure.web.client.MockRestServiceServerResetTestExecutionListener, org.springframework.boot.test.autoconfigure.web.servlet.MockMvcPrintOnlyOnFailureTestExecutionListener, org.springframework.boot.test.autoconfigure.web.servlet.WebDriverTestExecutionListener, org.springframework.boot.test.autoconfigure.webservices.client.MockWebServiceServerTestExecutionListener, org.springframework.test.context.web.ServletTestExecutionListener, org.springframework.test.context.support.DirtiesContextBeforeModesTestExecutionListener, org.springframework.test.context.event.ApplicationEventsTestExecutionListener, org.springframework.test.context.support.DependencyInjectionTestExecutionListener, org.springframework.test.context.support.DirtiesContextTestExecutionListener, org.springframework.test.context.transaction.TransactionalTestExecutionListener, org.springframework.test.context.jdbc.SqlScriptsTestExecutionListener, org.springframework.test.context.event.EventPublishingTestExecutionListener]
2021-12-14 21:22:10,118 INFO org.springframework.boot.test.autoconfigure.web.servlet.WebMvcTestContextBootstrapper [main] Using TestExecutionListeners: [org.springframework.test.context.web.ServletTestExecutionListener@704f1591, org.springframework.test.context.support.DirtiesContextBeforeModesTestExecutionListener@58fb7731, org.springframework.test.context.event.ApplicationEventsTestExecutionListener@13e547a9, org.springframework.boot.test.mock.mockito.MockitoTestExecutionListener@3fb6cf60, org.springframework.boot.test.autoconfigure.SpringBootDependencyInjectionTestExecutionListener@37ddb69a, org.springframework.test.context.support.DirtiesContextTestExecutionListener@349c1daf, org.springframework.test.context.transaction.TransactionalTestExecutionListener@dfddc9a, org.springframework.test.context.jdbc.SqlScriptsTestExecutionListener@4b9df8a, org.springframework.test.context.event.EventPublishingTestExecutionListener@5e8ac0e1, org.springframework.boot.test.mock.mockito.ResetMocksTestExecutionListener@aafcffa, org.springframework.boot.test.autoconfigure.restdocs.RestDocsTestExecutionListener@6955cb39, org.springframework.boot.test.autoconfigure.web.client.MockRestServiceServerResetTestExecutionListener@235a0c16, org.springframework.boot.test.autoconfigure.web.servlet.MockMvcPrintOnlyOnFailureTestExecutionListener@2b5f4d54, org.springframework.boot.test.autoconfigure.web.servlet.WebDriverTestExecutionListener@5f7b97da, org.springframework.boot.test.autoconfigure.webservices.client.MockWebServiceServerTestExecutionListener@18b0930f]
2021-12-14 21:22:11,475 INFO com.wipro.userinfoservice.UserControllerMockTest [main] Starting UserControllerMockTest using Java 15.0.2 on DESKTOP-JSLP03A with PID 552 (started by Bhuvanesh K in E:\git_project\6\userdetailservice)
2021-12-14 21:22:11,476 DEBUG com.wipro.userinfoservice.UserControllerMockTest [main] Running with Spring Boot v2.5.7, Spring v5.3.13
2021-12-14 21:22:11,476 INFO com.wipro.userinfoservice.UserControllerMockTest [main] No active profile set, falling back to default profiles: default
2021-12-14 21:22:14,897 INFO org.springframework.boot.test.mock.web.SpringBootMockServletContext [main] Initializing Spring TestDispatcherServlet ''
2021-12-14 21:22:14,897 INFO org.springframework.test.web.servlet.TestDispatcherServlet [main] Initializing Servlet ''
2021-12-14 21:22:14,899 INFO org.springframework.test.web.servlet.TestDispatcherServlet [main] Completed initialization in 2 ms
2021-12-14 21:22:14,969 INFO com.wipro.userinfoservice.UserControllerMockTest [main] Started UserControllerMockTest in 4.388 seconds (JVM running for 7.359)
2021-12-14 21:22:46,520 INFO org.springframework.boot.test.autoconfigure.web.servlet.WebMvcTestContextBootstrapper [main] Neither @ContextConfiguration nor @ContextHierarchy found for test class [com.wipro.userinfoservice.UserControllerMockTest], using SpringBootContextLoader
2021-12-14 21:22:46,529 INFO org.springframework.test.context.support.AbstractContextLoader [main] Could not detect default resource locations for test class [com.wipro.userinfoservice.UserControllerMockTest]: no resource found for suffixes {-context.xml, Context.groovy}.
2021-12-14 21:22:46,530 INFO org.springframework.test.context.support.AnnotationConfigContextLoaderUtils [main] Could not detect default configuration classes for test class [com.wipro.userinfoservice.UserControllerMockTest]: UserControllerMockTest does not declare any static, non-private, non-final, nested classes annotated with @Configuration.
2021-12-14 21:22:46,816 INFO org.springframework.boot.test.context.SpringBootTestContextBootstrapper [main] Found @SpringBootConfiguration com.wipro.userinfoservice.UserinfoserviceApplication for test class com.wipro.userinfoservice.UserControllerMockTest
2021-12-14 21:22:46,824 INFO org.springframework.boot.test.autoconfigure.web.servlet.WebMvcTestContextBootstrapper [main] Loaded default TestExecutionListener class names from location [META-INF/spring.factories]: [org.springframework.boot.test.mock.mockito.MockitoTestExecutionListener, org.springframework.boot.test.mock.mockito.ResetMocksTestExecutionListener, org.springframework.boot.test.autoconfigure.restdocs.RestDocsTestExecutionListener, org.springframework.boot.test.autoconfigure.web.client.MockRestServiceServerResetTestExecutionListener, org.springframework.boot.test.autoconfigure.web.servlet.MockMvcPrintOnlyOnFailureTestExecutionListener, org.springframework.boot.test.autoconfigure.web.servlet.WebDriverTestExecutionListener, org.springframework.boot.test.autoconfigure.webservices.client.MockWebServiceServerTestExecutionListener, org.springframework.test.context.web.ServletTestExecutionListener, org.springframework.test.context.support.DirtiesContextBeforeModesTestExecutionListener, org.springframework.test.context.event.ApplicationEventsTestExecutionListener, org.springframework.test.context.support.DependencyInjectionTestExecutionListener, org.springframework.test.context.support.DirtiesContextTestExecutionListener, org.springframework.test.context.transaction.TransactionalTestExecutionListener, org.springframework.test.context.jdbc.SqlScriptsTestExecutionListener, org.springframework.test.context.event.EventPublishingTestExecutionListener]
2021-12-14 21:22:46,863 INFO org.springframework.boot.test.autoconfigure.web.servlet.WebMvcTestContextBootstrapper [main] Using TestExecutionListeners: [org.springframework.test.context.web.ServletTestExecutionListener@704f1591, org.springframework.test.context.support.DirtiesContextBeforeModesTestExecutionListener@58fb7731, org.springframework.test.context.event.ApplicationEventsTestExecutionListener@13e547a9, org.springframework.boot.test.mock.mockito.MockitoTestExecutionListener@3fb6cf60, org.springframework.boot.test.autoconfigure.SpringBootDependencyInjectionTestExecutionListener@37ddb69a, org.springframework.test.context.support.DirtiesContextTestExecutionListener@349c1daf, org.springframework.test.context.transaction.TransactionalTestExecutionListener@dfddc9a, org.springframework.test.context.jdbc.SqlScriptsTestExecutionListener@4b9df8a, org.springframework.test.context.event.EventPublishingTestExecutionListener@5e8ac0e1, org.springframework.boot.test.mock.mockito.ResetMocksTestExecutionListener@aafcffa, org.springframework.boot.test.autoconfigure.restdocs.RestDocsTestExecutionListener@6955cb39, org.springframework.boot.test.autoconfigure.web.client.MockRestServiceServerResetTestExecutionListener@235a0c16, org.springframework.boot.test.autoconfigure.web.servlet.MockMvcPrintOnlyOnFailureTestExecutionListener@2b5f4d54, org.springframework.boot.test.autoconfigure.web.servlet.WebDriverTestExecutionListener@5f7b97da, org.springframework.boot.test.autoconfigure.webservices.client.MockWebServiceServerTestExecutionListener@18b0930f]
2021-12-14 21:22:47,975 INFO com.wipro.userinfoservice.UserControllerMockTest [main] Starting UserControllerMockTest using Java 15.0.2 on DESKTOP-JSLP03A with PID 7636 (started by Bhuvanesh K in E:\git_project\6\userdetailservice)
2021-12-14 21:22:47,976 DEBUG com.wipro.userinfoservice.UserControllerMockTest [main] Running with Spring Boot v2.5.7, Spring v5.3.13
2021-12-14 21:22:47,976 INFO com.wipro.userinfoservice.UserControllerMockTest [main] No active profile set, falling back to default profiles: default
2021-12-14 21:22:51,395 INFO org.springframework.boot.test.mock.web.SpringBootMockServletContext [main] Initializing Spring TestDispatcherServlet ''
2021-12-14 21:22:51,396 INFO org.springframework.test.web.servlet.TestDispatcherServlet [main] Initializing Servlet ''
2021-12-14 21:22:51,398 INFO org.springframework.test.web.servlet.TestDispatcherServlet [main] Completed initialization in 2 ms
2021-12-14 21:22:51,466 INFO com.wipro.userinfoservice.UserControllerMockTest [main] Started UserControllerMockTest in 4.137 seconds (JVM running for 6.632)
2021-12-14 21:25:42,166 INFO org.springframework.boot.test.autoconfigure.web.servlet.WebMvcTestContextBootstrapper [main] Neither @ContextConfiguration nor @ContextHierarchy found for test class [com.wipro.userinfoservice.UserControllerMockTest], using SpringBootContextLoader
2021-12-14 21:25:42,187 INFO org.springframework.test.context.support.AbstractContextLoader [main] Could not detect default resource locations for test class [com.wipro.userinfoservice.UserControllerMockTest]: no resource found for suffixes {-context.xml, Context.groovy}.
2021-12-14 21:25:42,188 INFO org.springframework.test.context.support.AnnotationConfigContextLoaderUtils [main] Could not detect default configuration classes for test class [com.wipro.userinfoservice.UserControllerMockTest]: UserControllerMockTest does not declare any static, non-private, non-final, nested classes annotated with @Configuration.
2021-12-14 21:25:42,604 INFO org.springframework.boot.test.context.SpringBootTestContextBootstrapper [main] Found @SpringBootConfiguration com.wipro.userinfoservice.UserinfoserviceApplication for test class com.wipro.userinfoservice.UserControllerMockTest
2021-12-14 21:25:42,614 INFO org.springframework.boot.test.autoconfigure.web.servlet.WebMvcTestContextBootstrapper [main] Loaded default TestExecutionListener class names from location [META-INF/spring.factories]: [org.springframework.boot.test.mock.mockito.MockitoTestExecutionListener, org.springframework.boot.test.mock.mockito.ResetMocksTestExecutionListener, org.springframework.boot.test.autoconfigure.restdocs.RestDocsTestExecutionListener, org.springframework.boot.test.autoconfigure.web.client.MockRestServiceServerResetTestExecutionListener, org.springframework.boot.test.autoconfigure.web.servlet.MockMvcPrintOnlyOnFailureTestExecutionListener, org.springframework.boot.test.autoconfigure.web.servlet.WebDriverTestExecutionListener, org.springframework.boot.test.autoconfigure.webservices.client.MockWebServiceServerTestExecutionListener, org.springframework.test.context.web.ServletTestExecutionListener, org.springframework.test.context.support.DirtiesContextBeforeModesTestExecutionListener, org.springframework.test.context.event.ApplicationEventsTestExecutionListener, org.springframework.test.context.support.DependencyInjectionTestExecutionListener, org.springframework.test.context.support.DirtiesContextTestExecutionListener, org.springframework.test.context.transaction.TransactionalTestExecutionListener, org.springframework.test.context.jdbc.SqlScriptsTestExecutionListener, org.springframework.test.context.event.EventPublishingTestExecutionListener]
2021-12-14 21:25:42,655 INFO org.springframework.boot.test.autoconfigure.web.servlet.WebMvcTestContextBootstrapper [main] Using TestExecutionListeners: [org.springframework.test.context.web.ServletTestExecutionListener@704f1591, org.springframework.test.context.support.DirtiesContextBeforeModesTestExecutionListener@58fb7731, org.springframework.test.context.event.ApplicationEventsTestExecutionListener@13e547a9, org.springframework.boot.test.mock.mockito.MockitoTestExecutionListener@3fb6cf60, org.springframework.boot.test.autoconfigure.SpringBootDependencyInjectionTestExecutionListener@37ddb69a, org.springframework.test.context.support.DirtiesContextTestExecutionListener@349c1daf, org.springframework.test.context.transaction.TransactionalTestExecutionListener@dfddc9a, org.springframework.test.context.jdbc.SqlScriptsTestExecutionListener@4b9df8a, org.springframework.test.context.event.EventPublishingTestExecutionListener@5e8ac0e1, org.springframework.boot.test.mock.mockito.ResetMocksTestExecutionListener@aafcffa, org.springframework.boot.test.autoconfigure.restdocs.RestDocsTestExecutionListener@6955cb39, org.springframework.boot.test.autoconfigure.web.client.MockRestServiceServerResetTestExecutionListener@235a0c16, org.springframework.boot.test.autoconfigure.web.servlet.MockMvcPrintOnlyOnFailureTestExecutionListener@2b5f4d54, org.springframework.boot.test.autoconfigure.web.servlet.WebDriverTestExecutionListener@5f7b97da, org.springframework.boot.test.autoconfigure.webservices.client.MockWebServiceServerTestExecutionListener@18b0930f]
2021-12-14 21:25:43,938 INFO com.wipro.userinfoservice.UserControllerMockTest [main] Starting UserControllerMockTest using Java 15.0.2 on DESKTOP-JSLP03A with PID 12368 (started by Bhuvanesh K in E:\git_project\6\userdetailservice)
2021-12-14 21:25:43,939 DEBUG com.wipro.userinfoservice.UserControllerMockTest [main] Running with Spring Boot v2.5.7, Spring v5.3.13
2021-12-14 21:25:43,939 INFO com.wipro.userinfoservice.UserControllerMockTest [main] No active profile set, falling back to default profiles: default
2021-12-14 21:25:47,360 INFO org.springframework.boot.test.mock.web.SpringBootMockServletContext [main] Initializing Spring TestDispatcherServlet ''
2021-12-14 21:25:47,360 INFO org.springframework.test.web.servlet.TestDispatcherServlet [main] Initializing Servlet ''
2021-12-14 21:25:47,362 INFO org.springframework.test.web.servlet.TestDispatcherServlet [main] Completed initialization in 2 ms
2021-12-14 21:25:47,424 INFO com.wipro.userinfoservice.UserControllerMockTest [main] Started UserControllerMockTest in 4.368 seconds (JVM running for 7.019)
2021-12-14 21:30:20,818 INFO org.springframework.boot.test.autoconfigure.web.servlet.WebMvcTestContextBootstrapper [main] Neither @ContextConfiguration nor @ContextHierarchy found for test class [com.wipro.userinfoservice.UserControllerMockTest], using SpringBootContextLoader
2021-12-14 21:30:20,832 INFO org.springframework.test.context.support.AbstractContextLoader [main] Could not detect default resource locations for test class [com.wipro.userinfoservice.UserControllerMockTest]: no resource found for suffixes {-context.xml, Context.groovy}.
2021-12-14 21:30:20,833 INFO org.springframework.test.context.support.AnnotationConfigContextLoaderUtils [main] Could not detect default configuration classes for test class [com.wipro.userinfoservice.UserControllerMockTest]: UserControllerMockTest does not declare any static, non-private, non-final, nested classes annotated with @Configuration.
2021-12-14 21:30:21,247 INFO org.springframework.boot.test.context.SpringBootTestContextBootstrapper [main] Found @SpringBootConfiguration com.wipro.userinfoservice.UserinfoserviceApplication for test class com.wipro.userinfoservice.UserControllerMockTest
2021-12-14 21:30:21,254 INFO org.springframework.boot.test.autoconfigure.web.servlet.WebMvcTestContextBootstrapper [main] Loaded default TestExecutionListener class names from location [META-INF/spring.factories]: [org.springframework.boot.test.mock.mockito.MockitoTestExecutionListener, org.springframework.boot.test.mock.mockito.ResetMocksTestExecutionListener, org.springframework.boot.test.autoconfigure.restdocs.RestDocsTestExecutionListener, org.springframework.boot.test.autoconfigure.web.client.MockRestServiceServerResetTestExecutionListener, org.springframework.boot.test.autoconfigure.web.servlet.MockMvcPrintOnlyOnFailureTestExecutionListener, org.springframework.boot.test.autoconfigure.web.servlet.WebDriverTestExecutionListener, org.springframework.boot.test.autoconfigure.webservices.client.MockWebServiceServerTestExecutionListener, org.springframework.test.context.web.ServletTestExecutionListener, org.springframework.test.context.support.DirtiesContextBeforeModesTestExecutionListener, org.springframework.test.context.event.ApplicationEventsTestExecutionListener, org.springframework.test.context.support.DependencyInjectionTestExecutionListener, org.springframework.test.context.support.DirtiesContextTestExecutionListener, org.springframework.test.context.transaction.TransactionalTestExecutionListener, org.springframework.test.context.jdbc.SqlScriptsTestExecutionListener, org.springframework.test.context.event.EventPublishingTestExecutionListener]
2021-12-14 21:30:21,287 INFO org.springframework.boot.test.autoconfigure.web.servlet.WebMvcTestContextBootstrapper [main] Using TestExecutionListeners: [org.springframework.test.context.web.ServletTestExecutionListener@58fb7731, org.springframework.test.context.support.DirtiesContextBeforeModesTestExecutionListener@13e547a9, org.springframework.test.context.event.ApplicationEventsTestExecutionListener@3fb6cf60, org.springframework.boot.test.mock.mockito.MockitoTestExecutionListener@37ddb69a, org.springframework.boot.test.autoconfigure.SpringBootDependencyInjectionTestExecutionListener@349c1daf, org.springframework.test.context.support.DirtiesContextTestExecutionListener@dfddc9a, org.springframework.test.context.transaction.TransactionalTestExecutionListener@4b9df8a, org.springframework.test.context.jdbc.SqlScriptsTestExecutionListener@5e8ac0e1, org.springframework.test.context.event.EventPublishingTestExecutionListener@aafcffa, org.springframework.boot.test.mock.mockito.ResetMocksTestExecutionListener@6955cb39, org.springframework.boot.test.autoconfigure.restdocs.RestDocsTestExecutionListener@235a0c16, org.springframework.boot.test.autoconfigure.web.client.MockRestServiceServerResetTestExecutionListener@2b5f4d54, org.springframework.boot.test.autoconfigure.web.servlet.MockMvcPrintOnlyOnFailureTestExecutionListener@5f7b97da, org.springframework.boot.test.autoconfigure.web.servlet.WebDriverTestExecutionListener@18b0930f, org.springframework.boot.test.autoconfigure.webservices.client.MockWebServiceServerTestExecutionListener@6b7906b3]
2021-12-14 21:30:22,345 INFO com.wipro.userinfoservice.UserControllerMockTest [main] Starting UserControllerMockTest using Java 15.0.2 on DESKTOP-JSLP03A with PID 12448 (started by Bhuvanesh K in E:\git_project\6\userdetailservice)
2021-12-14 21:30:22,346 DEBUG com.wipro.userinfoservice.UserControllerMockTest [main] Running with Spring Boot v2.5.7, Spring v5.3.13
2021-12-14 21:30:22,346 INFO com.wipro.userinfoservice.UserControllerMockTest [main] No active profile set, falling back to default profiles: default
2021-12-14 21:30:25,719 INFO org.springframework.boot.test.mock.web.SpringBootMockServletContext [main] Initializing Spring TestDispatcherServlet ''
2021-12-14 21:30:25,719 INFO org.springframework.test.web.servlet.TestDispatcherServlet [main] Initializing Servlet ''
2021-12-14 21:30:25,721 INFO org.springframework.test.web.servlet.TestDispatcherServlet [main] Completed initialization in 2 ms
2021-12-14 21:30:25,788 INFO com.wipro.userinfoservice.UserControllerMockTest [main] Started UserControllerMockTest in 4.156 seconds (JVM running for 6.727)
